1200.0
3693453.11
548185.98
116859.37
156752.41
10000.0
5000.0
300.0
100.0
5440000.0
50.0
22820.0
1000.0
1296.28
800.0
13000.0
19552.0
19552.0
19952.0
40000.0
2900.0
600.0
34503.0
42357.8
69474.1
7750.0
61724.1
24036.7
34503.0
27221.1
85760.8
24036.7
16286.7
7750.0
1600.0
1080.0
34503.0
600.0
22760.03
22760.03
54743.77
22760.03
1800.0
32807.0
73680.0
11414.9
10.0
10.0
10.0
344436.89
320597.33
23839.56
200755.53
160000.0
66151.0
77010.0
12126.0
10488.0
23700.0
212496.43
2460.26
5870.44
1021.4
4067.2
12426.0
3000.0
103000.0
26950.0
159341.89
41712.53
3149.77
25049.13
10712.53
170054.42
12426.0
133000.0
133000.0
333171.52
421729.16
265170.37
156137.02
16898.0
16278.94
1000000.0
971.0
1500.0
240915000.0
145930000.0
153850000.0
323500000.0
376000340.0
24418.41
1200.0
1000000.0
17120000.0
2276.84
1457.0
1607.0
1000000.0
1457.71
1200.0
1000000.0
100.0
20150.87
21915.59
1131.0
50000.0
1000000.0
160.0
971.0
20150.87
1871.0
50000.0
1000000.0
2440.0
17710.87
2440.0
29845.5
1617.0
3000.0
3000.0
26212.4
50000
500000
1000000
14130.0
160000.0
14000.0
17775.0
15000.0
80000.0
360.0
120.0
120.0
360.0
360.0
27000.0
30.0
30.0
85.25
140732.85
7639.0
118824.0
9269.85
5000.0
72043.49
42698.49
42698.49
17532.66
42698.49
17532.66
25142.14
12571.07
270.0
400000.0
6000.0
4000.0
11862.0
3710.0
8152.0
24000.0
200.0
800.0
400.0
70.0
18367.43
800.0
1000.0
4546.07
7440.74
7409.5
15136.58
15136.55
73680.0
184200.0
36840.0
36840.0
253967.84
168000.0
30900.0
103000.0
30900.0
103000.0
30900.0
103000.0
200.0
800.0
300.0
1000.0
247165.13
163500.0
32100.0
107000.0
32100.0
107000.0
32100.0
107000.0
200.0
800.0
300.0
1000.0
300.0
200.0
21400.0
101044.0
161363000.0
129130.73
503292.75
129130.73
32183.5
45056.9
18313.0
9156.5
9319.5
6104.33
12507.33
12666.73
12670.36
2010.36
12062.16
12062.16
18313.0
17397.5
5799.11
11907.51
11877.81
11925.01
12062.0
18476.0
48404.26
193617.05
24878.0
30878.0
829.3
12.0
4878.0
20000.0
8000.0
30000.0
1500.0
1200.0
146090.0
4250577.0
3845677.0
3991767.0
4250577.0
4250577.0
8678887.0
15000.0
605.0
30.0
30.0
10000.0
10000.0
5000.0
100.0
120.0
5000.0
5000.0
65318.12
65238.12
80.0
49056.22
16261.9
9100.0
7161.9
7081.9
80.0
85.4
7161.9
7161.9
7080.9
7161.9
7081.9
80.0
7080.9
1000.0
100.0
120.0
10000.0
600.0
2998.0
3000.0
5000.0
13110.0
7.0
10.0
7.0
10.0
200.0
1278.8
51395.52
1657.92
1657.92
109095.52
166366.72
17933.58
500000.0
4500.0
4790000.0
803.0
170524.0
441.58
375.0
2378.16
500000.0
4790000.0
206758.0
4790000.0
500000.0
128635.91
204424.0
26492.35
2936.15
48800.0
1318.75
262423.0
8931.87
178509.95
327852.0
43197.03
87608.2
44611.17
45000.0
388.83
103200.0
103200.0
1800.0
67030.0
20000.0
20000.0
855100.0
1800.0
64281.79
11813.48
59127.08
59127.08
11813.48
59127.08
59127.08
324.48
91729.8
305000.0
10255.18
40068.0
445.2
29920.0
374.0
29920.0
120.0
380.0
7500.0
2500.0
10000.0
400.0
10000.0
1350.0
35616.0
11817.5
11817.5
215.5
215.5
1181725.0
3606.0
3606.0
447.48
30000.0
2700.0
78041.5
36226.49
110128529.0
500000.0
36220.49
392100.0
406400.0
14300.0
2789147.0
112862.41
1200.0
48500.0
46065.0
46064.0
11003.0
10000.0
189.0
72.84
357.09
351.9
30000.0
612.5
6852.0
143745.75
55068.02
115847.37
107574.09
8273.28
55068.02
143745.75
248837.56
226037.56
22800.0
239654.0
12141276.0
191417.76
239654.43
130595.89
13149.75
750000.0
55068.02
191417.76
55068.02
130595.89
13149.86
136595.89
13149.86
55068.02
248837.56
239654.34
121412.76
750000.0
360079.79
170000.0
2112887.24
432460.0
160000.0
34813.42
160000.0
125186.58
160000.0
389295.5
12000000.0
3600.0
310283.3
358973.69
316600.0
360000.0
900.0
25000.0
1000.0
600.0
25000.0
1442.0
532.0
5.8
6.3
6.58
6.7
1800.0
30000.0
15374.0
23660.0
14787.5
9464.0
5910.0
8000.0
7374.0
19000.0
3500.0
15500.0
2500.0
15374.0
18140.0
15374.0
15500.0
18140.0
15374.0
15500.0
900000.0
47817.73
95635.46
47817.73
59252.67
47817.73
59374.15
47817.73
2960.0
760.0
2200.0
760.0
2200.0
202.67
800.0
49824.64
25844.38
2200.0
500.0
68603.26
23882.0
2960.0
289238.97
2960.0
2200.0
48279.06
91000.0
100000.0
100000.0
40000.0
100000.0
360.0
500.0
500.0
270.0
396965.87
3600.0
398985.07
392359.21
4426.66
8826094.47
4.0
373398.83
451709.4
349625.81
441463.0
349625.81
396965.87
47340.06
23161.2
17000.0
56950.0
17000.0
56950.0
70000.0
1800.0
174659.0
104659.0
70000.0
104659.0
70000.0
104659.0
70000.0
70000.0
174659.0
10000000.0
174400.0
1200.0
16211.33
16211.33
9260.5
1373.6
4733.4
16211.33
52527.27
10272.45
25937.57
14822.29
1429.96
43347.72
11335.03
25337.57
130000.0
130000.0
130000.0
2500.0
2500.0
252.0
194.0
1086.0
90.5
663780.98
412525.53
11275.65
1350.0
30000.0
900.0
27272.09
10000.0
76560.84
8808.6
2287200.0
56050.0
217500.0
167500.0
50000.0
217500.0
2287200.0
63260.0
76560.0
180.0
85737.95
31208.43
189.57
106946.38
116946.38
233892.76
233892.76
116946.38
1700000.0
6.0
6.0
12.0
6.0
11760.84
1960.14
50000.0
108301.91
86630.4
9397.9
2119.0
86630.9
108301.91
46000.0
100000.0
100000.0
320000.0
366000.0
100000.0
46000.0
320000.0
4925948.8
2426245.5
1800.0
106658.78
92793.14
80801.73
76579.28
4035.42
453957.59
588278.22
588278.22
900.0
1600.0
5400.0
5400.0
1800.0
5400.0
1800.0
1600.0
18900.0
18900.0
361.93
361.93
5600.0
800.0
30000.0
5000.0
3000.0
3000.0
2572.7
3000.0
50000.0
1200.0
13991.0
127500.0
127500.0
78130.01
49369.99
49369.66
114692.69
418799.56
1800.0
114697.69
114692.69
34611.0
199568.22
8300000.0
1750000.0
300000.0
1750000.0
78423.98
230000.0
78423.98
10000.0
35788.4
7840.1
3511.64
2316.61
43628.5
41311.89
2316.61
11500.0
6514.16
190539.18
130000.0
130000.0
130000.0
10000.0
105847.0
46000.0
588.0
105847.0
92638.4
40000.0
144230.63
132638.4
40000.0
40000.0
64465.66
370.0
182379.0
43671.3
31748.0
200000.0
300000.0
30000.0
35000.0
35000.0
100000.0
200000.0
4441.18
9500.0
16600.0
2760.0
33759.02
7517.71
5400.0
8000.0
1800.0
68760.0
50000.0
38760.0
88760.0
20000.0
287063.97
592522.5
351275.9
54896.1
60597.8
389225.1
230748.4
1016843.99
79317.8
234590.6
1016843.99
313908.4
313908.4
313908.4
287063.97
313908.4
249708.72
121106.88
32664.96
112992.0
149200.8
498342.48
61131.0
42899.5
42899.5
10000.0
100.0
100.0
3304.0
1000.0
3282.0
2142550.0
5759.08
2142550.0
70000000.0
1432180.0
500000.0
32000.0
20000.0
20000.0
20000.0
723167.22
165217.87
10080.0
2400.0
10080.0
5415139.6
3315045.03
300000.0
901000.0
300000.0
300000.0
300000.0
3600.0
68495000000.0
75565357600.0
49139.27
63573.73
8896.87
22000.0
40242.4
8896.87
23331.33
55014.96
8978.0
46036.96
46036.96
49271.79
0.97
0.55
1.99
0.97
40598.53
40598.53
741632.0
420000.0
420000.0
26000.0
420000.0
27221.16
22873.35
55090.0
37090.0
70295.72
12402.46
70295.72
12402.46
49681.46
8211.8
8037.13
35792.83
221911.96
8037.31
35792.83
221911.96
107000.0
379104.0
3600.0
384060.0
288025.0
288025.0
87000.0
87000.0
374479.77
1172903.09
1009714.92
81986.05
491016.54
615158.0
491016.54
3700000.0
3433192.0
815932.53
648599.45
147524.1
61496.0
3600.0
3600.0
496603.61
300000.0
35411.89
196606.61
100000.0
575719.92
250000.0
461191.72
465290481.0
4464099.74
4464099.74
300000000.0
300000000.0
30000000.0
223735.46
153185.91
70549.55
126126.21
107948.21
18178.0
42994.12
24816.12
107948.21
64452.0
42994.12
170000.0
35020.0
267842.5
38399.7
254743.59
107948.21
43493.61
64454.6
100526.32
83131.89
83131.89
126126.21
107948.21
18178.0
24816.12
42994.12
107948.21
24816.12
126126.01
42994.12
83131.09
1200.0
11479.84
8355.0
3010.0
150000.0
5400.0
14000000.0
14000000.0
11823.0
11823.0
5000.0
60.0
666.96
1540.2
1092.0
1000.0
6000.0
40000.0
11104.0
15100.0
3996.0
15005.22
11104.0
519.0
3000.0
3000.0
12005.22
11104.0
519.0
382.22
11104.0
519.0
382.22
18898.0
12898.0
6000.0
6000.0
172.0
770.0
400.0
1400.0
162051.69
722664.0
589500.0
7200.0
32811700.0
32450600.0
14000000
1330.0
40.0
1370.0
49000.0
1200.0
1600.0
400.0
400.0
1800.0
1000.0
4500.0
4500.0
49500.0
4500.0
49000.0
19800.0
4500.0
1800.0
4500.0
1800.0
1800.0
4500.0
3000.0
877.63
10000.0
300002.0
22500.0
3750.0
877.63
50000.0
82572.0
877.63
120.0
2025.0
70260.0
7000.0
13286.0
26572.0
14161.0
39760.28
27038.0
12722.0
14161.0
36173.52
27289.7
1736.0
2301.0
1.0
1.0
13590.15
4225.74
39440.24
600.0
9955.5
15928.0
1800.0
18316.86
1800.0
96878.0
6105.62
18316.86
300.0
4981.0
203.0
110.0
203.0
203.0
110.0
313.0
6269.24
609.09
313.0
203.0
110.0
22897.0
21396.74
7372.47
50000.0
27400.0
50000.0
14011.0
682853.03
248936.64
91117.36
91117.36
162448.0
162448.0
16952.0
13500.0
16952.0
2087.1
15000.0
10000.0
5000.0
14783.11
14783.11
14783.11
1500.0
489035.14
659150.0
674000.0
578320.0
26863.06
7189.02
9506.89
690.2
7189.02
1013210.0
13102.75
2709.0
10393.75
61000
50.0
50.0
500.0
550.0
550.0
293846.0
29559.33
17484.33
120.0
11617.72
24880.0
1051348.0
1800.0
71675.58
34916.05
60786.26
73081.42
15985.48
34916.05
10889.32
34916.05
34916.05
5400.0
436140.82
436141.82
436141.83
4283.55
3000.0
2648.4
14132534.0
1978554.76
11170455.0
10812619.0
5489923.0
6495373.0
3322994.0
3995335.0
4701613.0
5037274.0
2551953.0
2952597.0
15862541.0
56530136.0
3957109.52
1978554.76
1978554.76
390966.92
378441.66
192147.3
7227338.05
597002.55
89318.35
103339.93
1978554.76
1978554.76
11000000
2000000
4209.9
2338.83
4209.9
39912.18
39000.0
240000.0
180000.0
160000.0
120000.0
80582.69
3600.0
24700.0
30000.0
30000.0
70000.0
5300.0
30000.0
5300.0
30000.0
24700.0
24700.0
70000.0
5300.0
5300.0
5300.0
64700.0
24700.0
15000000.0
8367080.0
8367080.0
8367080.0
8367080.0
250000.0
50000.0
60000.0
6899.0
60000.0
6899.0
6899.0
60000.0
60000.0
26314.0
15000.0
5000.0
1794.0
238.0
16314.0
26314.0
16314.0
10000.0
26314.0
238.0
2162858.3
2161479.76
1215583.4
2431166.89
1215583.4
3850000.0
58560.0
58506.0
14640.0
210136.18
50000.0
50000.0
88000.0
50000.0
50000.0
300000.0
60000.0
5000.0
60000.0
60000.0
12000.0
72000.0
110400.0
38400.0
10000.0
13600.0
12000.0
124622.0
216060.0
8313.0
124622.0
124622.0
216060.0
124622.0
216060.0
124622.0
6000000.0
7000.0
7000.0
3000.0
91255.2
70000.0
40000.0
13531.0
13531.0
4600.0
9200.0
9200.0
9200.0
350.0
2000.0
1000.0
13355.0
1376.7
3058072.08
21448.4
822230.77
4301191.85
822230.77
398279.43
398279.43
4301191.85
4301191.85
12879993.42
3058072.08
398279.43
398279.43
398279.43
398279.43
15070.93
15070.93
15070.93
547486.8
24340.39
23743.0
25395.9
23743.0
25395.9
13834.0
29600.0
28010.56
57610.56
26560.24
6255.37
26560.24
57610.56
25395.9
26560.24
25395.9
25395.9
13834.0
26560.24
6255.37
26560.24
26560.24
26560.24
200750.75
24974.78
57092.81
1218444.06
741497.77
741497.77
476946.29
741497.77
741497.77
741497.77
741497.77
741497.77
476948.36
741497.77
1218444.06
9791896.63
1218444.06
741497.77
741497.77
741497.77
741497.77
741497.77
1218444.06
741497.77
741497.77
1218444.06
741497.77
741497.77
120.0
14300.0
2201.61
366000.0
366000.0
60122.38
2000.0
22289.81
11358.44
210.69
11358.44
10720.68
11358.44
11358.44
1160131.0
18861.2
195.2
19812.8
951.6
195.2
10.0
18666.0
18666.0
70.0
19000.0
35.0
4187.7
18000.0
19000.0
5000.0
22002.7
18000.0
18000.0
19000.0
18000.0
22002.7
18000.0
19000.0
52665.0
20038.0
64730.0
30624.0
19465.0
14640.0
17767.0
12867.0
16041.0
6000.0
52665.0
52665.0
20038.0
30624.0
2003.0
30624.0
3600.0
3600.0
2000000.0
300000.0
83292.07
40000.0
30292.07
13000.0
70292.07
300000.0
40000.0
30292.07
83292.07
40000.0
30292.07
30000.0
26000.0
3000.0
1700000.0
10000.0
7000.0
10200.0
7000.0
10000.0
10000.0
25000.0
4718435.16
4000000.0
5000.0
150000.0
4718435.16
4000000.0
524427.0
524427.0
890713.15
118000.86
91216.86
6662.01
12282.1
1658.11
118000.86
134559.0
118000.86
134559.02
210939.84
92937.98
118000.86
134559.0
118000.86
111304.86
6662.01
33.99
26774.0
4.58
6696.0
111304.86
91216.86
2700000.0
122512.52
122385.87
105060.25
185176.6
105060.24
16177.93
17510.05
6000.0
1646853.0
1641426.5
13600.0
13600.0
900.0
239.0
12000.0
203.0
110.0
3169.21
313.23
203.0
110.33
110.33
1538.61
1587.0
39755.82
1350.0
5400.0
4800.0
24144.84
2500.0
15001.98
2500.0
191847.46
15001.98
2500.0
4000.0
2000.0
20000.0
2000.0
24000.0
400.0
450.0
312.0
600.0
500.0
24000.0
30000.0
24000.0
30000.0
50000.0
14598.48
120.0
20000.0
227992.48
600000.0
9474.0
74048.0
600000.0
600000.0
13356.0
120.0
2980.0
18000.0
2800.0
15200.0
2800.0
15200.0
600.0
138701.19
10172.51
90882.35
90882.35
988184.49
229690.59
16200.0
309435.0
144671.0
144671.0
16200.0
4753208.72
2074421.0
60000.0
500000.0
500000.0
4753208.72
2074421.0
699666.69
937118.36
4753208.0
470798.46
2074421.0
51333.0
89372.0
4743748.6
89372.0
6926.0
2074421.0
500000.0
553508.0
615390.19
2074721.0
500000.0
89372.0
3263665.53
2930663.94
203.0
11021042.0
179696453.0
203.0
203.0
2000000.0
1000000.0
500000.0
500000.0
500000.0
120.0
15240.0
2200000.0
1500000.0
2200000.0
220.0
28000.0
42200.0
39200.0
38680.0
34480.0
28000.0
20000.0
29480.0
20000.0
12000.0
10.0
40.0
33.0
40.0
10.0
40.0
50.0
50.0
21926.02
2000.0
1000.0
50.0
50.0
40.0
78600.0
50.0
50.0
50.0
50.0
730320.0
40.0
40.0
40.0
20.0
275165.0
11887.48
5120.0
11887.48
5150.0
5120.0
5400.0
879800.0
113382.0
5400.0
439928.0
402014.0
10000.0
100.0
131930.5
131930.5
2374900.0
258710.06
1000000.0
639881.7
258710.05
639881.7
258710.05
258710.06
206209.52
75000.0
8605.0
8950.0
7550.0
80.0
160.0
80.0
160.0
10000.0
20000.0
1000.0
1000.0
100.0
100.0
100.0
300.0
4123.0
2730.0
10812.26
14935.26
2320.26
240.0
91.3
45.65
91.3
130000.0
900.0
11050.0
11050.0
2701188.28
701188.28
750000.0
750000.0
13000.0
34000.0
21000.0
13000.0
19000.0
2000.0
21000.0
34000.0
13000.0
19000.0
13000.0
21000.0
36000.0
21000.0
34000.0
79898.3
10000.0
10000.0
19993.84
10000.0
100000.0
1800.0
10000.0
5277.25
135.96
300.0
60.0
70000.0
35000.0
5000.0
10000.0
70000.0
35000.0
7500.0
10000.0
17500.0
75.0
55.0
20.0
80000.0
70000.0
10000.0
17500.0
33053.0
480.0
1800.0
2200.0
594.0
5000.0
55.0
20.0
412035.82
5400.0
14755.43
105543.75
422000.0
2813000.0
23000.0
2695.02
14500.0
454263.8
454263.8
37500.0
13500.0
20000.0
2000.0
36315.0
45857.0
6074.6
2328.0
37454.4
51315.0
49815.99
50000.0
16050.0
35500.0
13500.0
20000.0
2000.0
6074.6
50000.0
4656.0
2328.0
37454.4
35500.0
2328.0
35500.0
67180.99
25606.99
35500.0
60745.0
25606.99
528.5
794.5
524.91
541.8
542.99
727.17
1080.59
674.53
494.5
18.23
565.13
54.69
5684.64
2842.32
811.5
1894.88
5.75
150.0
160.0
5.75
5000.0
1320.4
1365.65
1330.8
1197.24
1168.24
1032.4
1216.0
1103.32
1063.6
75.46
789.38
76.39
1112.25
5803.25
116.24
150.0
160.0
683.66
18.23
1894.88
1923.74
811.5
1894.88
1894.88
5.75
1138.5
1173.0
1083.4
8953.0
11192.0
310.0
2600.0
5250.0
12863.0
16176.0
11176.0
30000.0
1200.0
3860.0
161120.72
132489.65
132489.65
132489.65
132489.65
132489.65
300.0
30000.0
14475167.93
10086.0
6888.0
2227.0
10000.0
111076888.0
3000.0
545672.62
7200.0
22067.43
14409.22
10554.13
5501753.72
75085.07
78000.0
375000.0
213000.0
6120.0
208017.46
76007.0
76007.0
75000.0
75000.0
75000.0
75085.87
75085.07
75000.0
75000.0
75000.0
75000.0
153964.0
15962.0
138351.45
55760.0
98024.0
98204.0
42700.0
25107.05
69450.0
12788.0
12788.0
10174.0
150000.0
150000.0
19322.6
8000.0
8000.0
587084.07
1640.0
823.0
2500.0
350000.0
2500.0
8000.0
19322.6
2000.0
1000.0
300.0
277651055.0
3672304.48
4523678.5
86559800.0
6843590.5
6828320.86
11351999.36
3672304.48
1836152.24
203.0
900.0
11400.0
21072.0
47368.02
11400.0
11400.0
21072.0
37400.0
35616.0
9173.7
9424.62
8875.53
8651.19
934088.0
869000.0
56042.0
8686.45
934088.45
67975.0
88809.0
67975.0
67975.0
63190.57
170273.56
63190.57
60000.0
1229.3
1800.0
26296.0
13642.0
216358.7
289199.2
11601.8
216358.7
300.0
112.5
21000.0
21000.0
10729.92
2316.2
6421.29
1000.0
2316.2
686.98
6421.29
1305.45
2316.2
6421.29
8737.49
2316.2
6421.29
16222.0
1000.0
50000.0
201850.35
400000.0
188525.67
201850.35
88115.0
3304.31
88150.0
3304.31
4405.75
641.34
36300.0
40000.0
30000.0
6300.0
36300.0
110000.0
20000.0
164000.0
12600.0
176600.0
50000.0
126600.0
800000.0
243171.53
2764378.78
2816692.0
2809724.17
2712439.37
97284.8
503928.12
713330.97
400000.0
1500000.0
500000.0
1500000.0
1000000.0
1000000.0
2776222.72
2703596.82
2816692.0
503928.15
713330.97
1217259.12
400000.0
48206.8
400000.0
2764378.29
1000000.0
400000.0
88000.0
693936.5
120.0
10000.0
800.0
5401.44
51700.0
15000.0
5401.44
1800.0
72128.56
10000.0
5000.0
5000.0
5000.0
8478.33
4025.88
10258.54
5000.0
5000.0
6000.0
5000.0
5000.0
1200.0
1000.0
7247.5
9035.0
9176.0
10500.0
2700.0
82181.87
50800.0
6554.31
50800.0
50800.0
10000.0
100.0
100.0
1000.0
6480.0
119793.23
729958.83
5400.0
5400.0
4080025.0
6516000.0
2317780.0
4080025.0
85693.43
100000.0
140000.0
40000.0
140000.0
400000.0
59366.0
10634.85
70000.0
32842.44
32842.44
25000.0
28669.75
448020.36
1653000.0
381897.6
50000.0
16900.0
28000.0
2400.0
250000.0
44900.0
182124.0
182124.0
1200.0
1420797.0
30865.89
123030.35
117465.89
86600.0
140000.0
34800.0
1630.35
146103.76
140000.0
140000.0
86600.0
86600.0
34800.0
600000.0
600000.0
383483.0
216517.0
383483.0
17345.54
216517.0
22240.0
22240.0
22240.0
22240.0
22240.0
22240.0
22240.0
22240.0
22240.0
22240.0
17481.91
510.0
115559.2
4682.56
115559.2
25000.0
2611.7
1601.74
594486.0
442272.61
42300.0
400.0
54415.0
1893.33
4800.0
47721.67
42300.0
41849.87
69790.72
33813.03
35977.69
33813.03
272300.0
80000.0
80000.0
44043.0
48600.0
4557.0
48600.0
4557.0
44043.0
44043.0
24957.0
4557.0
72800.0
8400.0
42000.0
72400.0
44003.0
100350.0
100000.0
672.0
135000.0
88916.26
86983.14
1933.12
9550.0
30.0
84132.0
2851.14
30.0
1933.12
84132.0
2337.0
2851.14
270.0
270.0
27602515.28
1594033.0
31210505.01
3079.0
60000.0
55403.0
5400.0
3502752.83
1691552.83
519200.0
519200.0
519200.0
519200.0
519200.0
519200.0
519200.0
11819.73
1461.0
137.67
28242.0
2144.6
35735.28
26361.9
45289.06
9909.2
5840.0
9909.2
5840.0
5500.0
21299.2
9909.2
9909.2
5840.0
5550.0
5840.0
5550.0
9909.2
5840.0
5550.0
21299.2
9909.2
23666.66
71000.0
1303883.91
1629.64
883.1
1731650.0
1127500.0
1127500.0
150000.0
800000.0
2478000.0
40.0
1127500.0
1731650.0
268746.58
2000396.58
134393.26
134393.26
240000.0
97006.62
272598.68
234817.58
37781.6
70000.0
115080.0
272169.98
370501.1
108000.0
3000.0
100.0
120.0
3000.0
10000.0
40000.0
20000.0
40000.0
20000.0
30972.33
30000.0
30000.0
30000.0
972.33
39676.56
19376.56
20300.0
60000.0
3600.0
388294.5
1041796.75
47881.58
701383.83
388294.5
340412.92
340412.92
700000.0
388294.5
364628.86
701383.83
942196.83
60000.0
60000.0
150000.0
60000.0
90000.0
50000.0
16000.0
20000.0
120000.0
196000.0
16000.0
120000.0
50000.0
40000.0
130000.0
90000.0
150000.0
8388994.38
7648000.0
22184.9
22184.75
1200.0
47900.0
47900.0
1000.0
12000.0
20000.0
1000.0
1244.85
1000.0
1244.85
14938.2
1000.0
137185.8
133382.0
43040.4
1000000.0
7100.0
1712.0
12000.0
24353.45
12000.0
1712.0
1712.0
100000.0
100000.0
7100.0
2034368.88
1708440.0
325928.88
187061.78
10953.0
2242805.0
1099560.0
12968000.0
6581100.0
2220962.5
2033900.72
187061.78
13065100.0
14956530.0
13248090.0
1000.0
3272256.0
3500.0
3720.0
4343.4
23000.0
23000.0
1800.0
8701.0
115142.0
1800.0
26949.0
26949.0
903743.44
705862.23
2122778.76
200000.0
577732.5
71722.39
334733.88
334733.88
334733.88
4000.0
100000.0
10000.0
10000.0
5000.0
10000.0
22736.86
14108.01
14108.01
50000.0
2613.0
624.0
434.0
80000.0
39369.0
44660.28
104332.37
59672.04
48096.0
48096.0
7500.0
500.0
29565.0
393.0
501.0
48096.0
36072.0
393.0
22800.5
45601.0
31921.0
643421.2
3209865.0
7241.0
3209865.0
7241.0
643421.2
5000.0
1000.0
530904.43
304255.08
266649.35
136162.0
304205.08
304649.35
226649.35
136162.01
10836.5
4349.18
3215.92
3271.0
12293.3
125000.0
6000.0
12000.0
7000.0
7000.0
3000.0
50000.0
39525.65
7654.33
48156.71
4590.4
270000.0
306785.62
9871.03
26915.59
14255.65
1161.37
42338.61
270000.0
37748.21
38525.65
445000.0
419900.0
348770.27
25456.98
533783.38
452427.01
138152.75
27630.55
25000.0
999.28
1000.0
4146.91
348770.27
5024.4
75.0
5400.0
500000.0
500000.0
500000.0
100000.0
61000.0
661000.0
661000.0
110000.0
79042.47
189042.47
110000.0
309000.0
309000.0
47767.85
36500.0
47767.85
36520.0
11247.85
47767.85
47767.85
10000.0
10000.0
339100.0
339100.0
420.0
1420000.0
577.8
808.0
4300.0
6000.0
6000.0
10600.0
783.0
783.0
4560.0
1350.0
5773.0
4560.0
3643.0
6316.0
11019.0
9300.0
1740.0
6316.0
1740.0
90000.0
10500.0
1440.0
99610.56
250.0
200333.0
16615.0
216948.0
18816.7
97500.0
17500.0
80000.0
7500.0
90000.0
1200.0
44959.27
576000.0
1000.0
33316.58
50000.0
41019.0
26103.0
12432.0
841343.0
15000.0
4029.16
123869.07
123869.07
13285.78
13285.78
4920.66
4428.58
3936.53
38843.0
30543.2
35219.0
120000.0
150000.0
14540.0
17000.0
12000.0
15000.0
32000.0
40000.0
240208.0
72000.0
30000.0
38843.0
30543.2
30000.0
61798.1
100.0
1504000.0
144000.0
25200.0
25200.0
144000.0
102.9
102.9
41914.96
24166.1
674339.04
559000.0
12000.0
6000.0
710.0
816.0
0.0
200.0
60.0
10000.0
100000
100000
120.0
1000.0
300.0
5000.0
5000
15850.62
17571.1
190.0
190.0
190.0
2280.0
17481.1
12842.34
15850.62
17571.1
17571.1
2280.0
10000.0
7000.0
5600.0
1497.78
7488.9
1497.78
7488.9
7488.9
10000.0
10000.0
130000.0
14100.0
100.0
5.0
61554.16
3600.0
325009.8
55601.96
45083.0
10519.0
24208.24
140.0
4.0
15.0
24208.24
45633.44
45633.44
45633.44
45633.44
23409.89
45633.44
45633.44
45633.44
40693.33
333.5
3182.32
77.09
5712.0
569.74
333.5
1449.84
1449.84
35342.16
30001.0
2008054.34
550.0
12.0
550.0
1800.0
293195.17
23474.83
76437.02
5400.0
76437.02
76437.02
76437.02
28603000.0
71761000.0
23385000.0
2187550.72
15874400.0
17187404.0
6820.0
10230.0
30315.61
30315.61
10000.0
1000.0
25000.0
170115.0
726210.0
11341000.0
11341000.0
170115.0
1526400.0
1562400.0
152873.93
168733.96
15960.0
168733.96
152873.96
30000.0
5000.0
44138.92
57363.4
5400.0
58620568.19
150000.0
138999.39
952457.16
58620568.19
150000.0
232176.82
58470568.19
542.0
230815.81
100.0
100.0
21711.07
217111.07
13704.74
7215.0
100.0
100.0
217111.07
200000.0
120.0
200000.0
400000.0
389000.0
3520.0
11734.0
11734.0
4851.21
7040.0
3520.0
8371.2
4851.21
4851.21
4851.21
10000.0
15600.0
160000.0
29895.84
6436437.75
958335.55
30000.0
30000.0
50000.0
40000.0
30000.0
25000.0
5000.0
30000.0
50000.0
15000.0
3000.0
1100.0
3000.0
3000.0
520000.0
923000.0
830000.0
488377.0
830022.0
830022.0
150000.0
150000.0
150000.0
227013.0
150000.0
60194.0
113506.0
23700.0
1500000.0
1200.0
1200.0
50000.0
135275.0
22545.83
80.0
28962.11
28962.11
141771.0
141771.0
134599.0
3172.0
1800.0
700.0
1500.0
152796.0
61846.0
152796.0
1500000.0
1500000.0
31232.88
110.4
100000.0
73740.0
30000.0
30394.52
394.52
30000.0
30000.0
25000.0
15000.0
10000.0
5000.0
15000.0
10000.0
91609.25
21631.42
22415.64
22415.64
20000.0
20995.85
63411.49
20000.0
20955.85
22415.64
22415.64
20000.0
20995.85
31700.0
31700.0
21631.42
21631.42
21631.42
22415.64
20000.0
20995.85
22415.64
20000.0
20995.85
21631.42
21631.42
100000.0
700000.0
1538.4
245000.0
30000.0
245000.0
245000.0
460.0
950000.0
800.0
5000.0
15413.98
6417.31
14369.78
5747.91
40000.0
28539.61
14277.05
15413.98
5707.92
6417.31
59758800.0
26918.32
3442.95
150.39
589.41
23200.58
27391.83
7500.0
6915.0
6980.0
6980.0
6980.0
6980.0
6980.0
6980.0
6980.0
6980.0
6980.0
6980.0
42276.75
42276.75
42276.75
42276.75
42276.75
8396.64
8396.64
8396.64
8396.64
8396.64
10000.0
50978.0
645.35
10000.0
50978.0
10000.0
50978.0
645.35
1200.0
12000000.0
0.01
100.0
12000000.0
100.0
12.0
12000000.0
100.0
1.0
1.0
1.0
1.0
100.0
1800.0
1800.0
750.0
3600.0
644449.69
2530112.45
316820.69
703133.85
655312.0
48639.5
6171.73
335193.74
175819.19
44945.53
63318.58
644458.55
951958.72
114346.1
648322.62
48639.5
46171.73
655312.83
48639.5
6171.73
710124.06
309612.65
22700.66
2890.43
335193.74
175819.18
44945.53
710124.06
335193.74
175819.18
44945.53
380139.27
63318.58
316820.69
48639.5
648322.62
655312.83
62.0
56747.38
15719.31
155760.0
213113.41
46028.07
3959.0
1800.0
92252.19
172554.0
378765.17
92252.19
172554.0
378765.17
378765.17
10440.92
100000.0
520000.0
53090.0
2276.84
1200.0
37428.72
40000.0
37428.72
8704.45
15000.0
28000.0
25182.34
666.96
12800.0
2095.91
1030.0
10.0
10.0
14761.38
16543.0
12311.7
13727.46
10596.92
21.61
16543.0
12311.7
13727.46
10596.92
800.0
10000.0
270.0
27602515.28
1594033.0
31210505.01
24600.0
1800.0
12300.0
60.0
44237.4
15459.2
6.0
44237.4
21380.32
20950.25
15712.69
15712.69
15712.69
12454.36
15712.69
100.0
2000.0
18000.0
300.0
300.0
2500.0
300.0
2000.0
300.0
18000.0
18000.0
18000.0
300.0
18000.0
13295.1
1860.0
120.0
2000.0
120.0
900.0
29215.33
17000.0
17000.0
17424.0
17224.0
26587.5
27678.69
1500.0
14053.62
2800.0
14053.0
2800.0
2800.0
9369.08
28107.24
28107.24
9369.08
530904.43
304255.08
266649.35
36124.1
19124.1
19124.1
425.5
425.0
25000.0
1700.0
429645.5
2205410.0
299393.0
2504803.0
2504804.0
2323370.78
175247.93
16563.96
125000.0
125000.0
125000.0
125000.0
2.75
15532.13
11954.46
26286.37
9152.07
5976841.0
54763.25
26286.37
22708.76
3577.61
11954.46
22708.76
15532.13
15532.13
4800000.0
5241547.0
100000.0
3000.0
97000.0
150000.0
500000.0
150000.0
500000.0
150000.0
500000.0
77000.0
77000.0
51000.0
51000.0
51000.0
606057.12
31902.9
600000.0
1195008.62
5580.0
11160.0
11160.0
83839.9
15432.83
37681.66
10000.0
40000.0
1000.0
24148.5
1000.0
1707.4
10000.0
390.0
1598.61
1598.61
2000.0
10000.0
10000.0
390.0
1707.4
1000.0
1600.0
10000.0
390.0
10000.0
10000.0
10000.0
20000.0
20000.0
24148.5
1000.0
1600.0
729.24
759.09
769.0
1135.0
1151.0
390.0
601.52
20000.0
470000000
235000000
572000000
286000000
511312.0
300000.0
211321.0
12500.0
24000.0
10938.68
1800.0
10938.68
591.0
18442.13
7500.0
1497.6
1198.12
41363.23
18300.0
4229.3
22671.43
18442.13
2500.0
3050.0
9150.0
9250.0
18300.0
142.13
4229.3
1650.0
750.0
1000.0
750.0
1000.0
750.0
1000.0
1000.0
1000.0
1888.0
400.0
423320.0
10000.0
59150.0
19000.0
80381.0
50000.0
150000.0
100000.0
54250.0
3200000.0
111355.84
3200000.0
1600000.0
111355.84
8003.0
50000.0
1622063.0
22063.0
5400.0
50000.0
798081.0
748815.0
187726.31
1000000.0
2000000
15000.0
1229190.4
12003.0
30825.0
6000.0
31866.83
21701.2
2034.6
5000.0
3131.03
148506.29
12000.0
148506.29
97618.17
224187.59
86392.19
45892.8
235970.6
163901.17
256063.97
53.93
163901.17
46269.8
256063.97
155508.42
5340.29
5000.0
140000.0
86392.19
224187.59
5340.29
5000.0
5340.29
5000.0
149000.0
5000.0
88315.54
45892.8
46296.8
212.0
3464.3
3075.0
42500.0
600.0
80.0
240.0
120.0
120.0
10000.0
100.0
100.0
100.0
44341.25
1804.96
1804.96
5400.0
579600.0
37957.73
37378.74
597.47
597.47
597.47
37975.73
1233298.2
162282.75
1071015.58
1233298.2
1152156.95
81143.37
1800.0
284925.0
56983.0
2389024.9
597256.22
1390416.0
590264.0
231094.0
14251.0
231094.0
1134799.47
1232512.75
89657.77
1142854.98
231094.0
911760.98
284925.0
316162.0
14251.0
1232512.76
52932.76
1179580.0
231094.0
948486.0
333333.33
1134799.47
1232512.75
2202.23
2389024.9
270.0
211447.82
486167.25
162055.75
648223.0
648223.0
54251.33
825000.0
675000.0
150000.0
717522.0
292212.96
40236.39
54622.54
40236.39
11532.53
54622.54
11532.53
6300.0
171718.0
85859.0
85859.0
58802.0
144659.0
35526.79
35.0
2400.0
582707.0
186532.0
93266.0
93266.0
63896.15
64680.0
7794603.0
7651097.72
15445701.38
7938385.89
215605.0
7200.0
5400.0
215605.0
215605.0
23752.18
3120000000
5400.0
392256.59
1000000.0
1195600.0
811830.0
443006.4
1057862.0
392256.59
392256.59
146400.0
443006.4
146400.0
392256.59
392256.59
392256.59
811830.0
392256.59
392256.59
392256.59
392256.59
146400.0
5800.0
1915067.83
1915067.83
2689067.0
1915067.83
332912.06
2689067.83
774000.0
1915067.83
8347059.0
203.0
2745691.0
3608017.0
1993351.0
8347059.0
203.0
203.0
5400.0
60.0
110.0
2500.0
68548.5
8921.53
1600.0
2185.0
32000.0
34468.66
46786.37
32000.0
1815.5
2724.6
34079.84
2724.6
2724.6
32000.0
68548.5
34468.66
34079.84
32000.0
32000.0
32000.0
68548.5
8921.53
1600.0
2185.0
32000.0
32.0
32000.0
32000.0
31920.0
7679.0
31920.0
7679.0
1100.0
990.0
1500.0
850.0
2800.0
820.0
2800.0
745.0
300.0
2800.0
1100.0
7760.91
26084.7
203.0
203.0
203.0
313.23
203.0
203.0
20000.0
600.0
6000.0
42000.0
22000.0
9500.0
7000.0
47500.0
47500.0
15000.0
211640.0
962000.0
211640.0
37062.97
15751.9
700.0
800.0
2000.0
32747.1
93351.01
8.15
8.17
280169.49
411140.0
267041.36
428877.73
428877.73
330748.74
161769.66
94981.88
495607.74
428877.14
94981.88
161769.66
172126.19
161769.66
71739.1
91030.56
263156.75
172126.19
428877.74
300748.74
300748.74
56630.0
10703.0
169890.0
169890.0
22073.08
23542.2
28975.1
23542.21
9182.79
6951.05
22079.8
12897.01
6951.05
11071.0
22142.0
951.84
33213.0
11071.0
22142.0
22142.0
526330.81
526330.81
523501.81
124129.85
399371.36
399371.36
399371.36
124129.85
523501.21
399371.36
124129.85
523501.21
399371.36
25230.0
124129.85
124129.85
523301.21
124129.85
124129.85
124129.85
124129.85
124129.85
124129.85
124129.85
124129.85
124129.85
23058.2
8523.0
40931.8
40931.8
20847.6
43585.0
51276.3
6769.5
3289.3
13151.3
650.0
37666.79
1200.0
16952.2
2311.0
14641.2
10656.5
246522.0
24000.0
199976.95
199976.95
500.0
4000000.0
6139.2
2000.0
2000.0
2000.0
2000.0
2000.0
1000.0
105000.0
50000.0
4084.0
120.0
3964.0
1394.0
1970.0
600.0
1970.0
10.0
600.0
1970.0
1970.0
600.0
1970.0
1970.0
98220.0
98220.0
98220.0
3050.0
596.0
30304.0
30304.0
25800.0
4504.0
30304.0
8600.0
28800.0
120.0
12690.0
2538.0
7614.0
5076.0
57960.0
10297.39
2460.0
6000.0
6000.0
5400.0
3769015.12
5400.0
807535.23
679000.0
807535.23
800000.0
832510.54
679000.0
5400.0
7200.0
7215.0
23064.0
13240.0
736800.0
220000.0
516800.0
44213.0
29298.42
45035.34
45035.34
50000.0
50000.0
800.0
800.0
800.0
180.0
200.0
380.0
1000.0
105.0
1125.17
1100.0
600.0
500.0
20.0
20.0
20.0
20.0
1025.0
120.0
200.0
20.0
20.0
380.0
180.0
380.0
35840.0
400.0
4480.0
35840.0
726337.32
200000.0
7700.0
67500.0
42700.0
2252.24
299023.0
329530.0
299023.0
18428.65
18428.65
2700.0
109802.48
213888.73
13888.73
2794.0
17700.0
5900.0
17700.0
17700.0
5900.0
17700.0
5900.0
5900.0
17700.0
2667620.0
268369.88
11264.1
268369.88
268369.88
7215.0
35682576.0
371055.85
596409.0
78714.24
356825.76
16975.4
596409.0
727881.61
371055.85
727881.61
57728.98
356825.76
356825.76
371055.85
356825.76
371055.85
15000.0
3500.0
5000.0
2000.0
7035.0
5000.0
100.0
2000.0
3221.85
3221.85
11934.92
250826.0
238891.08
3752.92
9898.34
5583.35
5583.35
41006.97
17735.85
58743.52
45544.17
5199.0
25607.72
73800.49
3658274.0
25607.72
12415.09
41006.96
4573.21
28704.87
3097.15
582.47
25607.72
12978.13
12978.13
61978.72
63761.67
329137.58
89643.0
363467.0
100000.0
3600.0
1800.0
30000000.0
590000.0
61000.0
61000.0
165344.67
15000.0
100000.0
40433.1
37788.71
32081.76
32081.76
49802.0
119695.0
180695.0
27104.0
8041.0
5590.0
5944.0
8478.0
1012.0
12700.0
50877.0
27104.0
50877.0
27104.0
23773.0
26029.0
49802.0
159851.86
27104.0
1242.0
27104.0
27104.0
1242.0
27104.0
1242.0
27104.0
27104.0
1242.0
49802.0
532.8
1706.74
27104.0
27104.0
27104.0
204.0
266.0
105036.5
106172.04
262282.6
67913.02
364000.0
435000.0
7876708.0
72015.0
7188828.0
200.0
354951.0
200.0
2170476.0
200.0
4332367.0
200.0
200.0
20.0
387.48
387.48
3680.0
3680.0
5598.0
35133.0
127.68
127.68
39078.0
71389.0
20000.0
1000.0
900.0
50.0
50.0
50.0
476.7
100.0
100.0
100.0
100.0
100.0
3044000.0
1522000.0
93462.33
128404.95
114404.95
34942.62
27094.81
26825.05
3000.0
3600.0
9979479.0
8981531.0
997948.0
4063900.0
4917631.0
8981531.0
997948.0
997948.0
7200.0
997948.0
6480.0
5400.0
619650.0
2465532.0
4325.4
2700.0
10000.0
10072.72
9000.0
12000.0
9000.0
4000.0
9000.0
15626.6
11383.2
13845.1
18934.67
11979.0
90.0
240.0
2100.0
938.5
13955.0
16242.6
247.1
247.4
600.0
900.0
208.0
300000.0
4959749.77
5400537.02
83433.97
476471.04
119117.76
357353.28
4959749.77
1355027.31
1355027.31
476471.04
119117.76
119117.76
476471.04
2409360.73
2064979.62
2029776.9
379583.83
2060470.72
4508.62
140478.4
1162700.0
2029776.9
2205457.74
140478.4
395864.91
395864.91
23812.7
8128.4
34070.4
45180.0
37033.16
592.9
188008.8
29128.58
84667.56
320397.84
71840.5
3348.83
75038.84
229027.34
7400000.0
4000.0
100000.0
100.0
7400000.0
1588613.0
5400.0
50000.0
250000.0
120.0
1500.0
320.0
61454.6
3072.73
900.0
43750.0
900.0
52500.0
8750.0
43750.0
8971.5
13443.5
30.0
30000.0
15000.0
582667.59
660000.0
582667.59
10100.0
100.0
98961.6
100000.0
6000.0
18000.0
1000.0
2000.0
100000.0
100000.0
100000.0
46000.0
8000.0
5400.0
250000.0
15000.0
1500.0
8000.0
1640.0
8000.0
1500.0
8000.0
15000.0
1000.0
1640.0
2520.0
800.0
15000.0
1000.0
1000.0
12565.99
880.0
170.0
126720.14
25859.21
70564.0
60000.0
48600.0
11400.0
11400.0
1500.0
8400.0
60000.0
58500.0
47100.0
100000.0
96117.0
65000.0
8245.0
65000.0
56755.0
2000.0
114050.0
5892.29
5802.5
5722.5
24234.21
23885.26
348.95
2552.0
24234.21
10211.4
400000.0
488000.0
11600.0
400000.0
488000.0
11600.0
44725.2
400000.0
348.95
23885.26
38000.0
12000.0
10000.0
10000.0
2840.0
30.0
330.0
28.8
1800.0
28.8
30.0
12515.0
11515.9
11015.9
11515.9
11515.9
500.0
860.0
500.0
360.0
64000.0
10275.0
2619.8
10275.0
10275.0
100.0
50.0
50.0
10.0
50.0
20.0
50.0
650.0
1500.0
20.0
20.0
10.0
20.0
10.0
10.0
650.0
1500.0
600.0
20.0
650.0
1500.0
58.12
1743.6
58.12
8000.0
58.12
1000.0
1100.0
300.0
603.0
46414.0
760.0
760.0
100.0
1000.0
40000.0
1000.0
40000.0
10000.0
15000.0
2000.0
2200.0
1100.0
200.0
3550.0
200.0
808.53
1100.0
808.53
1100.0
1100.0
291.47
540.0
540.0
360.0
180.0
540.0
360.0
180.0
508.31
148000.0
3700.0
74.5
500.0
34394.0
539986.0
288909.8
440043.71
10000.0
457274.76
64314.98
81546.04
375728.72
457274.76
81546.04
432034.18
200348.74
83542.63
521859.37
348491.55
432034.18
11800.2
431910.85
5400.0
16291.4
16050.0
32100.0
17000.0
16050.0
260650.0
521300.0
260650.0
1900635.59
1706946.55
791007.29
791007.29
791007.29
1000000.0
1000000.0
10000.0
570.0
1800.0
50912.25
1000.0
2600.0
15000.0
227000.0
12000.0
10000.0
16200.0
18000.0
16200.0
18900.0
11400.0
900.0
1000.0
1350.0
1520.0
59665.0
1053031.0
1177902.5
533337.42
634226.77
10298.31
124072.29
588800.0
59665.0
67900.0
1762000.0
1298500.0
125200.0
1177906.0
584200.0
1762000.0
191100.0
6400.0
72300.0
588860.0
59665.0
92600.0
89219.16
140224.05
181064.05
40780.0
140224.05
1800.0
12464.5
8802.74
10344.0
3350.0
16.0
18.0
19.0
20.0
1100.0
1100.0
1100.0
200.0
1100.0
1100.0
1100.0
200.0
17735.0
1219.16
1219.16
16515.84
3500.0
2950.0
5285.9
1128.72
30000.0
5285.9
80000.0
2500.0
80000.0
1000.0
85451.54
830916.12
159056.35
7318871.0
630.0
20000.0
1499936.5
1425927.64
74008.86
1651031.8
3000000.0
1499936.5
74008.86
1425927.64
61651031.8
1800.0
3600.0
50000.0
50000.0
73200.0
33073.0
24400.0
30920.69
682062.74
1000000.0
1000000.0
94670.65
668276.27
668276.27
28389.91
28389.91
163267.73
658823.09
200470.27
458352.83
155685.14
7582.59
2272768.0
460063.3
300000.0
1800.0
2400.0
400.0
10.0
10.0
10.0
10.0
500.0
535735.0
273024.18
176337.85
2000.0
100.0
10000.0
50000.0
50000.0
50000.0
40000.0
80000.0
500.0
1000.0
180.0
100000.0
350000.0
80000.0
9752.0
43032.0
5076.0
4824.2
5664.0
5641.3
2563.0
4939.7
2340.0
9525.65
724.0
2.7
2867.6
1112.0
1863.0
2396.0
19259.4
9390.0
6107.65
77531.0
5000.0
3000.0
4200.0
9400.0
4700.0
700.0
500.0
3600.0
31100.0
125861.45
41884.0
167745.45
231390.85
104872.73
126518.12
168403.0
167745.45
37196.4
15550.0
167745.45
15550.0
1420.0
115996.69
1358.95
1358.95
61200.0
38991.0
5.0
8.3
1578660.0
1578660.0
4062247.8
38991.0
4062247.8
48300.0
23088.0
48300.0
193248.0
193248.0
14.0
193248.0
12.0
80345.17
193248.0
132187.0
12451.76
13.0
167310.0
132187.0
10.0
28600.0
250000.0
9000.0
5117.44
6000.0
33134.18
48228.12
26429.14
21798.98
11335.2
6000.0
11316.85
11335.2
6000.0
6000.0
11335.2
1000000.0
1358474.6
1358474.6
1000000.0
41400.0
10.0
25000.0
339184.9
332644.9
332644.9
339184.9
35064.5
350000.0
175322.49
35064.5
70000.0
70000.0
58085.95
4400.0
1800.0
1200.0
77073.5
8824.4
731.5
66500.0
81130.0
93680.0
77073.5
77073.5
594312.65
179528.77
414783.88
159268.09
255515.79
414783.88
414783.88
77073.5
414783.88
134945.98
2700.0
108654.0
97788.6
900000.0
900000.0
1200000.0
1200.0
36339.14
21865.54
1043500.0
1116545.0
57818.26
68841.84
57318.26
50.0
10715.0
1386.21
1386.21
10715.0
500000.0
10715.0
110523.0
100523.0
90500.0
22500.0
68000.0
150865.97
150865.97
206364.15
3600.0
25039996.0
205543.0
284450.0
32689085.5
10163.3
692852.8
32100085.5
15878986.0
32869085.5
32567085.5
5605805.96
5605805.96
143080.0
30930.96
19948065.64
218420.0
15685195.0
9560350.0
16214890.5
25039996.0
5000.0
9496000.0
139080.0
4000.0
25532632.0
131800.0
8241000.0
500000.0
25532632.0
9361100.0
15678898.0
6299.0
9496000.0
9615.0
117100.0
344955.78
4000000.0
5451.87
500000.0
3728.5
500000.0
867.0
3728.5
684009.0
7200.0
747603.5
25596.0
44233.2
44233.2
220000.0
31775.34
30000.0
1775.34
31386.0
1108700.0
100000.0
808700.0
200000.0
716800.0
30000.0
30000.0
808700.0
37233.36
30000.0
26000.0
40000.0
26000.0
18000.0
14781.66
1712.6
16000.0
15581.66
1712.6
800.0
10000.0
30000.0
320000.0
2300000.0
900.0
11961.42
8000000.0
1000000.0
800.0
824.0
849.0
10000.0
10000.0
120.0
1550.6
390.0
72000.0
3000.0
108000.0
7672.5
2557.5
39491.0
35653.65
1500.0
3000.0
1000.0
45000.0
35653.65
2200000.0
107000.0
121664.0
425.0
4705.62
1140.0
5400.0
28656.0
150.0
810.0
150.0
2640590.0
2640590.0
118323.1
21609.5
5001.02
20.0
15.0
20.0
200000.0
120.0
5964.0
18055.52
19743.2
11962.5
11962.5
4892.42
1870.86
1006.72
6383.61
15279.4
2282.0
2841.3
6040.0
1500.0
108000.0
1715380.0
100000.0
30000.0
26840.0
1000.0
1000.0
1000.0
1000.0
1000.0
1000.0
15000.0
15000.0
4119.0
3600.0
237130.0
63828.0
63828.0
259913.61
219913.61
40000.0
101495.42
800000.0
19798.93
40000.0
138930.94
109048.62
225235.54
161826.05
180.0
91314.99
85414.74
13801.41
3375.36
9021.56
675.17
13801.41
3475.36
675.17
9021.56
127633.02
93279.17
313294.13
91314.99
85414.74
136563.4
442682.78
129389.65
8930.38
239815.45
8930.38
8255.21
675.17
313293.13
304362.75
313293.13
8930.38
442682.78
138320.03
442682.78
304362.75
101495.42
239815.45
138320.03
118418.19
118418.19
40000.0
155429.8
40000.0
80933.4
34496.4
8930.38
8255.21
675.17
138320.03
8930.38
30001.0
30001.0
463257.0
22820.0
12500.0
320.0
10000.0
41214.0
17700.0
22820.0
672438.92
4686.03
632.89
88893.0
32820.57
33271.89
670704.0
670704.0
968680.0
1800.0
48838.0
43479.79
138371.0
151469.85
43479.79
29611.39
976.0
389750.0
203390.0
19576.86
120.0
120.0
60.0
3600.0
1200.0
27472.0
1200.0
28054.88
12297.04
4872.0
1347.0
1447.0
2000.0
110.23
2110.23
2510.0
160.0
110.23
270.23
10141.04
172.0
1476.0
203.0
110.0
25000.0
3682.3
10000
800000.0
18884.0
18884.0
860.0
144000.0
30000.0
700.0
144000.0
20000.0
9789.2
16869.82
20000.0
36869.82
869.82
16869.82
20000.0
100000.0
670830000.0
308509000.0
670830000.0
17950.6
94587.63
45347.0
49266.0
140200.0
100.0
1773554.0
260158.04
245520.0
14638.04
133930.0
22320.0
40800.0
90231.3
50128.5
240.0
13821.01
30000.0
70000.0
70000.0
40000.0
70000.0
15590.39
1000.0
1152.63
943.0
1152.63
1152.63
943.0
943.0
2400.0
30000.0
30000.0
30000.0
20000.0
25000.0
21000.0
20000.0
20000.0
54880.0
4392.0
9880.0
45000.0
3630.0
5321.88
6749.93
985.0
17294.79
4514.0
19155.84
34007.42
12362.98
2625.35
5183.36
3294.53
9000.0
8000.0
9000.0
3000.0
10000.0
8000.0
9000.0
3489.2
3000.0
8000.0
10000.0
3000.0
3000.0
3000.0
30000.0
39322029.24
1967601.46
1967601.46
48106.8
39352129.24
39352029.24
1603.56
48106.8
120.0
14000.0
2000.0
20000000.0
140000000.0
14000.0
2000.0
45000.0
180.0
65000.0
134082.4
25981.44
159111.68
197408.88
39707.88
11252.0
36105.9
36105.9
3602.98
2008.17
12504.0
55756.0
20000.0
35756.0
25441.38
900.0
1235.97
1044.28
876.0
752.26
10000.0
5000.0
69534.5
69534.5
542636.6
542536.6
9503.0
14200.0
260233.52
42726.9
4853.52
2399.3
4835.52
7200.0
2399.3
42726.9
353934.43
9631.0
2000.0
260233.52
42726.9
11270.53
42726.9
11270.53
42726.9
11270.53
9631.0
961920.0
200000.0
400000.0
2000.0
2000.0
2000.0
10000.0
10000.0
3000.0
143327.85
10.0
180.0
1220.0
10950.0
1758290.54
939354.0
1200000.0
1200000.0
939554.0
1200000.0
939554.0
939354.0
1758290.54
1200000.0
802400.0
2200.0
28504.0
28632.0
14316.0
30000.0
12696.0
3000.0
17450.97
1017.62
3325.99
28.51
2604.48
489.71
2986.86
6997.8
59123.36
7749.0
27552.9
7749.0
1800.0
10000.0
690000.0
1200000.0
1017.62
3325.99
28.51
2604.48
489.71
2986.86
10453.17
6997.9
17450.97
59123.36
22817.0
22032.0
6997.8
2704.17
32000000.0
40000.0
2880.0
1378.48
35800.0
57700.0
4.1
450.0
11077.0
4200000.0
4.6
40000.0
40000.0
11077.0
40166.0
35000.0
10000.0
20000.0
40000.0
10000.0
40000.0
40000.0
40000.0
40000.0
30.0
30.0
1000.0
11820.84
3940.28
11820.84
33882.66
11820.84
1000.0
175087.74
175087.74
450.0
200000.0
550000.0
500000.0
50000.0
2000.0
50.0
100.0
60.0
60.0
100.0
30.0
20.0
20000.0
30000.0
500000.0
550000.0
524000.0
300000.0
51141.8
1200.0
599326.44
168592.88
108311.74
599326.44
343573.97
108311.74
1064.52
6750.0
2400.0
3600.0
3890.0
29413.77
1064.52
1064.52
1800.0
62968.0
45000.0
3000.0
59968.0
3000.0
62968.0
3757.32
18788.0
15845.0
48350.92
18134.13
15845.0
4.59
452400.41
452029.85
370.56
4.59
452029.85
353256.0
353256.0
18000.0
18000.0
700000.0
200000.0
997.7
450.5
132.8
377408.25
40184.6
452601.91
452601.91
377408.25
377408.25
1800.0
75000.0
75000.0
100.0
59353.68
3242000.0
237647.0
100.0
150.0
200.0
250.0
59353.67
27103.68
32250.0
170.0
602290.0
119000.0
119000.0
103677.8
57771.8
103677.8
167281.96
100000.0
300000.0
100000.0
100000.0
200000.0
100000.0
200000.0
100000.0
294332.05
94944.67
1577.1
210.28
18077.62
22201.88
2400.0
30000.0
3054.52
800.0
3708230.51
11021042.0
179696453.0
1200.0
24000.0
500000.0
24000.0
24000.0
24000.0
24000.0
39804.25
3600.0
3530.0
1200.0
107996.4
90020.3
60000.0
30000.0
185417.5
16287.45
17068.09
16670.0
16670.0
187400.0
16677.0
185417.5
187400.0
39804.25
168473.06
39804.25
39804.25
2900.0
8400.0
2700.0
3600.0
39804.25
39804.25
3600.0
417.5
39804.25
3600.0
6588424.64
4698266.62
5588424.64
100000.0
7200.0
6588424.73
5888424.64
1000000.0
11180.0
400000.0
300000.0
7580.0
3044.66
524.66
11800.0
5076.0
504.0
583.0
504.0
43.0
250074.89
605272.33
599040.23
110747.79
3218.14
21147.16
121820.0
130347.4
55702.68
28881.29
344990.32
121820.0
113966.06
491806.27
11396606.0
750.0
7500.0
750.0
10.0
10.0
14415.0
250.0
150000.0
500.0
16666.0
16666.0
119409.77
3779.13
115409.77
69473.0
1654.0
19375.0
37804.03
292008.7
165016.4
180346.4
264228.0
136735.7
176648.8
244762.8
117270.5
193848.1
214818.9
87326.6
144355.5
205839.82
13642.2
87326.8
13642.2
23159.39
200000.0
215000.0
221500.0
171000.0
656000
262000
112000
600000
200000
3000.0
200.0
4500.0
50.0
1500.0
2500.0
1000.0
11725.0
93257.0
1000.0
56255.72
42545.78
13709.94
42545.78
929000.0
1500000.0
400000.0
351000.0
3000.0
4591.6
86552.58
36424.0
30.0
210.0
4000.0
1500000.0
360.0
360.0
35000.0
118495.0
22360.0
67729.0
91354.67
57569.78
28704.89
5000.0
18127.88
5000.0
28.0
28.0
8450.77
18127.88
5000.0
100000.0
258400.0
880.0
1800.0
8906.31
4453.15
100000.0
258400.0
7337458.72
9805901.91
3222887.0
77906602.0
427217.0
317989.0
50000.0
25000.0
48910.0
23223.0
31344.47
8116.19
8085.0
1708.83
2000.0
2000.0
4000.0
5000.0
2000.0
9000.0
15000.0
17910.0
25000.0
25000.0
20846.57
27936.57
31000.0
23223.0
31344.47
25000.0
25000.0
20846.57
3600.0
160000.0
55510.0
2700.0
55510.0
28230.36
21769.36
5510.0
50000.0
5510.0
28130.36
30285.97
50000.0
21769.64
50000.0
50000.0
50000.0
50000.0
50000.0
3600.0
1200619.0
47226.23
11405.6
11376.25
590333.41
590333.41
150698.05
590333.41
18875.0
2681943.4
2681944.0
3081944.0
444703.7
2681944.0
16617.6
3500.0
685.0
32.0
16615.2
19218.0
672.0
13657.77
30800.0
3000.0
1500.0
3600.0
219441.0
15456.0
44004.5
29926.65
850.0
650.0
800.0
850.0
3969.0
650.0
800.0
2000.0
2300.0
573.73
611.58
2300.0
887.0
16200.0
1800.0
2300.0
11543.8
10695.0
3410.0
980.0
3410.0
1960.0
5870.0
13739.0
14049.0
6641.0
14049.0
1158.57
2174.0
6712.0
45.0
254.0
109.0
16205.86
3600.0
271006.26
202573.19
271006.29
202573.19
68433.1
202573.19
45369.84
80369.84
65000.0
49000.0
38000.0
35000.0
5440.4
1380.0
245.0
4392.0
7254.1
1200.0
73000.0
27000.0
17930.0
245.0
1380.0
63.34
241.1
1380.0
171.42
35.0
50.0
5.3
10.6
6.0
12.0
6.2
12.4
27000.0
35.0
1615.61
121.08
100000.0
65000.0
73000.0
38000.0
27000.0
17930.0
5440.4
35000.0
12490.4
65000.0
27000.0
38000.0
65000.0
16000.0
11000.0
49000.0
11000.0
38000.0
35000.0
73000.0
100000.0
27000.0
73000.0
39000.0
27000.0
35000.0
65000.0
16000.0
65000.0
16000.0
11000.0
38000.0
35000.0
12490.4
18235.44
5440.4
1200.0
50000.0
30000.0
30000.0
30000.0
5600.0
1395950.24
1335950.24
1335950.24
700000.0
375000.0
700000.0
73000.0
75000.0
373000.0
108900.0
5.0
450.0
230200.0
2218500.0
39869.43
256390.0
24674.2
24674.2
24674.2
525477.76
136384.18
33005.0
608597.93
363300.0
298900.0
662200.0
177183.16
474500.0
73400.0
755900.0
800300.0
638800.0
822300.0
363300.0
662200.0
474500.0
73400.0
755900.0
800300.0
363300.0
662200.0
30891.84
1.69
1.99
1.8900000000000001
2.27
30891.84
30891.84
2727557.26
2332438.9
395118.36
415336.0
384444.16
10674.2
30891.84
5000.0
15415.23
44290.23
24290.23
32681.91
26972.14
20000.0
5000.0
28875.0
5000.0
28875.0
26972.14
20000.0
1893750.0
10546.74
41693.03
709533.02
2094366.72
709533.02
304146.0
709533.02
760364.0
401987.87
304146.0
97841.87
513037.92
1888537.11
82353670.0
27120734.81
1888537.11
82353671.0
2712074.0
464919.03
48118.89
80000.0
80000.0
300000.0
25400.0
5000.0
30400.0
27100.0
3300.0
840.0
1440.0
30.0
600.0
120.0
840.0
1440.0
57630.0
22220.94
68610.87
21776.24
90387.11
1800.0
180.0
3600.0
200000.0
2000.0
1800.0
3600.0
305254.0
51508.4
1187000000.0
1613939000.0
1187000000.0
350704.7
16740.1
367444.8
77476.9
227777.1
305254.0
51508.4
58800.1
58800.1
77476.9
9444.6
100.0
874096.77
87409.67
36565.0
30000.0
600000.0
6618700.0
1453509.93
145350993.0
1453509.95
1453509.95
1453509.95
1453509.95
119914.71
1800.0
100000.0
200000.0
193661.08
193661.08
260982.0
49180.5
388.0
3920.0
43000.0
10000.0
105.0
10000.0
88681.1
214486.0
72500.0
88681.1
511537.24
249100.0
463586.0
214486.0
141986.0
72500.0
47951.24
72500.0
72500.0
72500.0
511537.24
214486.0
123772.53
7297.71
143809.38
123772.53
143809.38
143809.38
526000.0
526000.0
300000.0
300000.0
1020451.87
144127.51
1092167.61
526000.0
1319971.4
526000.0
526000.0
1092167.61
2000000
6000000
75000.0
600.0
25000.0
75000.0
50.0
600.0
55000.0
300.0
2276.84
80000.0
100.0
30.0
200.0
300.0
15000.0
120.0
210800.0
210800.0
615.0
7560.64
8168.64
1824.0
1216.0
152.0
240.0
10021.6
60.0
1260.0
60.0
1260.0
60.0
22671.66
22671.66
1072.04
3350.0
2970.0
1072.04
20065.5
200000
200.0
212000.0
1000000.0
7875.0
1000000.0
101135.51
3000.0
6300.0
40000.0
4466.0
16888.27
16888.27
20.0
2769367.0
564940.0
3600.0
250000.0
149014.76
43949.31
664.16
73688.82
60000.0
133688.82
76298.62
42860.73
60000.0
64100.0
2.0
2.5
2.0
2.0
2.05
2.0
380.0
380.0
380.0
380.0
220973.45
204526.93
816.36
4630.7
5648.88
3902.48
617.8
650.32
1999.73
2460.0
26937.25
180.0
160000.0
5000.0
10000.0
1698.0
300.0
120.0
100.0
6000.0
1698.0
300.0
120.0
100.0
24610.0
5400.0
6000.0
165000.0
6000.0
1698.0
165520.0
7698.0
165520.0
7698.0
15000.0
70220.0
15000.0
15000.0
15000.0
15000.0
7000.0
2260000
3000000
7435.5
7435.5
1975.5
1954.5
1825.5
50.0
129.0
Ilość orzeczeń 2397
Ilość orzeczeń ze słowem "szkoda" 413
Ilość orzeczeń odwołujących się 22
